# JRE version: OpenJDK Runtime Environment (11.0.15) (build 11.0.15+0-b2043.56-9505619)
# Java VM: OpenJDK 64-Bit Server VM (11.0.15+0-b2043.56-9505619, mixed mode, tiered, compressed oops, g1 gc, windows-amd64)
Heap:
 garbage-first heap   total 395264K, used 210683K [0x0000000080000000, 0x0000000100000000)
  region size 1024K, 3 young (3072K), 3 survivors (3072K)
 Metaspace       used 120632K, capacity 123445K, committed 123472K, reserved 1157120K
  class space    used 15019K, capacity 16128K, committed 16128K, reserved 1048576K
GC Heap History (20 events):
Event: 3166.119 GC heap after
{Heap after GC invocations=89 (full 0):
 garbage-first heap   total 270336K, used 210933K [0x0000000080000000, 0x0000000100000000)
  region size 1024K, 3 young (3072K), 3 survivors (3072K)
 Metaspace       used 113520K, capacity 116169K, committed 116560K, reserved 1150976K
  class space    used 14372K, capacity 15422K, committed 15616K, reserved 1048576K
}
Event: 3166.349 GC heap before
{Heap before GC invocations=90 (full 0):
 garbage-first heap   total 270336K, used 235509K [0x0000000080000000, 0x0000000100000000)
  region size 1024K, 20 young (20480K), 3 survivors (3072K)
 Metaspace       used 113601K, capacity 116311K, committed 116560K, reserved 1150976K
  class space    used 14384K, capacity 15468K, committed 15616K, reserved 1048576K
}
Event: 3166.356 GC heap after
{Heap after GC invocations=91 (full 0):
 garbage-first heap   total 270336K, used 214665K [0x0000000080000000, 0x0000000100000000)
  region size 1024K, 2 young (2048K), 2 survivors (2048K)
 Metaspace       used 113601K, capacity 116311K, committed 116560K, reserved 1150976K
  class space    used 14384K, capacity 15468K, committed 15616K, reserved 1048576K
}
Event: 3166.420 GC heap before
{Heap before GC invocations=91 (full 0):
 garbage-first heap   total 270336K, used 225929K [0x0000000080000000, 0x0000000100000000)
  region size 1024K, 13 young (13312K), 2 survivors (2048K)
 Metaspace       used 113662K, capacity 116315K, committed 116560K, reserved 1150976K
  class space    used 14390K, capacity 15469K, committed 15616K, reserved 1048576K
}
Event: 3166.429 GC heap after
{Heap after GC invocations=92 (full 0):
 garbage-first heap   total 270336K, used 212156K [0x0000000080000000, 0x0000000100000000)
  region size 1024K, 2 young (2048K), 2 survivors (2048K)
 Metaspace       used 113662K, capacity 116315K, committed 116560K, reserved 1150976K
  class space    used 14390K, capacity 15469K, committed 15616K, reserved 1048576K
}
Event: 3166.529 GC heap before
{Heap before GC invocations=92 (full 0):
 garbage-first heap   total 270336K, used 222396K [0x0000000080000000, 0x0000000100000000)
  region size 1024K, 14 young (14336K), 2 survivors (2048K)
 Metaspace       used 113698K, capacity 116379K, committed 116816K, reserved 1150976K
  class space    used 14390K, capacity 15469K, committed 15616K, reserved 1048576K
}
Event: 3166.537 GC heap after
{Heap after GC invocations=93 (full 0):
 garbage-first heap   total 270336K, used 217836K [0x0000000080000000, 0x0000000100000000)
  region size 1024K, 3 young (3072K), 3 survivors (3072K)
 Metaspace       used 113698K, capacity 116379K, committed 116816K, reserved 1150976K
  class space    used 14390K, capacity 15469K, committed 15616K, reserved 1048576K
}
Event: 3166.757 GC heap before
{Heap before GC invocations=94 (full 0):
 garbage-first heap   total 270336K, used 248556K [0x0000000080000000, 0x0000000100000000)
  region size 1024K, 16 young (16384K), 3 survivors (3072K)
 Metaspace       used 114719K, capacity 117512K, committed 117584K, reserved 1150976K
  class space    used 14498K, capacity 15576K, committed 15616K, reserved 1048576K
}
Event: 3166.765 GC heap after
{Heap after GC invocations=95 (full 0):
 garbage-first heap   total 270336K, used 219283K [0x0000000080000000, 0x0000000100000000)
  region size 1024K, 2 young (2048K), 2 survivors (2048K)
 Metaspace       used 114719K, capacity 117512K, committed 117584K, reserved 1150976K
  class space    used 14498K, capacity 15576K, committed 15616K, reserved 1048576K
}
Event: 3166.907 GC heap before
{Heap before GC invocations=95 (full 0):
 garbage-first heap   total 270336K, used 229523K [0x0000000080000000, 0x0000000100000000)
  region size 1024K, 13 young (13312K), 2 survivors (2048K)
 Metaspace       used 116290K, capacity 119141K, committed 119248K, reserved 1153024K
  class space    used 14636K, capacity 15741K, committed 15744K, reserved 1048576K
}
Event: 3166.915 GC heap after
{Heap after GC invocations=96 (full 0):
 garbage-first heap   total 270336K, used 218643K [0x0000000080000000, 0x0000000100000000)
  region size 1024K, 1 young (1024K), 1 survivors (1024K)
 Metaspace       used 116290K, capacity 119141K, committed 119248K, reserved 1153024K
  class space    used 14636K, capacity 15741K, committed 15744K, reserved 1048576K
}
Event: 3166.998 GC heap before
{Heap before GC invocations=96 (full 0):
 garbage-first heap   total 270336K, used 230931K [0x0000000080000000, 0x0000000100000000)
  region size 1024K, 14 young (14336K), 1 survivors (1024K)
 Metaspace       used 116738K, capacity 119588K, committed 119888K, reserved 1153024K
  class space    used 14688K, capacity 15783K, committed 15872K, reserved 1048576K
}
Event: 3167.006 GC heap after
{Heap after GC invocations=97 (full 0):
 garbage-first heap   total 324608K, used 220106K [0x0000000080000000, 0x0000000100000000)
  region size 1024K, 2 young (2048K), 2 survivors (2048K)
 Metaspace       used 116738K, capacity 119588K, committed 119888K, reserved 1153024K
  class space    used 14688K, capacity 15783K, committed 15872K, reserved 1048576K
}
Event: 3167.339 GC heap before
{Heap before GC invocations=98 (full 0):
 garbage-first heap   total 324608K, used 240586K [0x0000000080000000, 0x0000000100000000)
  region size 1024K, 33 young (33792K), 2 survivors (2048K)
 Metaspace       used 118254K, capacity 121079K, committed 121296K, reserved 1155072K
  class space    used 14834K, capacity 15936K, committed 16000K, reserved 1048576K
}
Event: 3167.346 GC heap after
{Heap after GC invocations=99 (full 0):
 garbage-first heap   total 324608K, used 212509K [0x0000000080000000, 0x0000000100000000)
  region size 1024K, 5 young (5120K), 5 survivors (5120K)
 Metaspace       used 118254K, capacity 121079K, committed 121296K, reserved 1155072K
  class space    used 14834K, capacity 15936K, committed 16000K, reserved 1048576K
}
Event: 3167.443 GC heap before
{Heap before GC invocations=99 (full 0):
 garbage-first heap   total 324608K, used 221725K [0x0000000080000000, 0x0000000100000000)
  region size 1024K, 15 young (15360K), 5 survivors (5120K)
 Metaspace       used 119420K, capacity 122263K, committed 122448K, reserved 1155072K
  class space    used 14925K, capacity 16032K, committed 16128K, reserved 1048576K
}
Event: 3167.449 GC heap after
{Heap after GC invocations=100 (full 0):
 garbage-first heap   total 324608K, used 202737K [0x0000000080000000, 0x0000000100000000)
  region size 1024K, 2 young (2048K), 2 survivors (2048K)
 Metaspace       used 119420K, capacity 122263K, committed 122448K, reserved 1155072K
  class space    used 14925K, capacity 16032K, committed 16128K, reserved 1048576K
}
Event: 3167.792 GC heap before
{Heap before GC invocations=100 (full 0):
 garbage-first heap   total 324608K, used 240625K [0x0000000080000000, 0x0000000100000000)
  region size 1024K, 40 young (40960K), 2 survivors (2048K)
 Metaspace       used 120450K, capacity 123329K, committed 123472K, reserved 1157120K
  class space    used 15016K, capacity 16125K, committed 16128K, reserved 1048576K
}
Event: 3167.803 GC heap after
{Heap after GC invocations=101 (full 0):
 garbage-first heap   total 324608K, used 210151K [0x0000000080000000, 0x0000000100000000)
  region size 1024K, 5 young (5120K), 5 survivors (5120K)
 Metaspace       used 120450K, capacity 123329K, committed 123472K, reserved 1157120K
  class space    used 15016K, capacity 16125K, committed 16128K, reserved 1048576K
}
Event: 3168.252 GC heap before
{Heap before GC invocations=102 (full 0):
 garbage-first heap   total 324608K, used 248039K [0x0000000080000000, 0x0000000100000000)
  region size 1024K, 43 young (44032K), 5 survivors (5120K)
 Metaspace       used 120632K, capacity 123445K, committed 123472K, reserved 1157120K
  class space    used 15019K, capacity 16128K, committed 16128K, reserved 1048576K
}

