# JRE version: OpenJDK Runtime Environment (11.0.15) (build 11.0.15+0-b2043.56-9505619)
# Java VM: OpenJDK 64-Bit Server VM (11.0.15+0-b2043.56-9505619, mixed mode, tiered, compressed oops, g1 gc, windows-amd64)
Heap:
 garbage-first heap   total 189440K, used 113114K [0x0000000082a00000, 0x0000000100000000)
  region size 1024K, 54 young (55296K), 8 survivors (8192K)
 Metaspace       used 82315K, capacity 83115K, committed 83352K, reserved 1124352K
  class space    used 9065K, capacity 9412K, committed 9472K, reserved 1048576K
GC Heap History (20 events):
Event: 1.724 GC heap before
{Heap before GC invocations=1 (full 0):
 garbage-first heap   total 129024K, used 44509K [0x0000000082a00000, 0x0000000100000000)
  region size 1024K, 41 young (41984K), 3 survivors (3072K)
 Metaspace       used 21000K, capacity 21190K, committed 21248K, reserved 1069056K
  class space    used 2224K, capacity 2304K, committed 2304K, reserved 1048576K
}
Event: 1.739 GC heap after
{Heap after GC invocations=2 (full 0):
 garbage-first heap   total 129024K, used 10446K [0x0000000082a00000, 0x0000000100000000)
  region size 1024K, 7 young (7168K), 7 survivors (7168K)
 Metaspace       used 21000K, capacity 21190K, committed 21248K, reserved 1069056K
  class space    used 2224K, capacity 2304K, committed 2304K, reserved 1048576K
}
Event: 2.927 GC heap before
{Heap before GC invocations=3 (full 0):
 garbage-first heap   total 129024K, used 69838K [0x0000000082a00000, 0x0000000100000000)
  region size 1024K, 59 young (60416K), 7 survivors (7168K)
 Metaspace       used 33061K, capacity 33506K, committed 33792K, reserved 1079296K
  class space    used 4100K, capacity 4273K, committed 4352K, reserved 1048576K
}
Event: 2.948 GC heap after
{Heap after GC invocations=4 (full 0):
 garbage-first heap   total 129024K, used 23014K [0x0000000082a00000, 0x0000000100000000)
  region size 1024K, 8 young (8192K), 8 survivors (8192K)
 Metaspace       used 33061K, capacity 33506K, committed 33792K, reserved 1079296K
  class space    used 4100K, capacity 4273K, committed 4352K, reserved 1048576K
}
Event: 3.115 GC heap before
{Heap before GC invocations=4 (full 0):
 garbage-first heap   total 129024K, used 31206K [0x0000000082a00000, 0x0000000100000000)
  region size 1024K, 17 young (17408K), 8 survivors (8192K)
 Metaspace       used 35102K, capacity 35490K, committed 35628K, reserved 1081344K
  class space    used 4312K, capacity 4465K, committed 4480K, reserved 1048576K
}
Event: 3.140 GC heap after
{Heap after GC invocations=5 (full 0):
 garbage-first heap   total 129024K, used 24781K [0x0000000082a00000, 0x0000000100000000)
  region size 1024K, 2 young (2048K), 2 survivors (2048K)
 Metaspace       used 35102K, capacity 35490K, committed 35628K, reserved 1081344K
  class space    used 4312K, capacity 4465K, committed 4480K, reserved 1048576K
}
Event: 4.126 GC heap before
{Heap before GC invocations=6 (full 0):
 garbage-first heap   total 129024K, used 67789K [0x0000000082a00000, 0x0000000100000000)
  region size 1024K, 44 young (45056K), 2 survivors (2048K)
 Metaspace       used 43270K, capacity 43707K, committed 43948K, reserved 1087488K
  class space    used 5097K, capacity 5281K, committed 5376K, reserved 1048576K
}
Event: 4.135 GC heap after
{Heap after GC invocations=7 (full 0):
 garbage-first heap   total 157696K, used 26843K [0x0000000082a00000, 0x0000000100000000)
  region size 1024K, 6 young (6144K), 6 survivors (6144K)
 Metaspace       used 43270K, capacity 43707K, committed 43948K, reserved 1087488K
  class space    used 5097K, capacity 5281K, committed 5376K, reserved 1048576K
}
Event: 5.103 GC heap before
{Heap before GC invocations=7 (full 0):
 garbage-first heap   total 157696K, used 87259K [0x0000000082a00000, 0x0000000100000000)
  region size 1024K, 62 young (63488K), 6 survivors (6144K)
 Metaspace       used 49557K, capacity 50092K, committed 50220K, reserved 1093632K
  class space    used 5768K, capacity 5980K, committed 6016K, reserved 1048576K
}
Event: 5.120 GC heap after
{Heap after GC invocations=8 (full 0):
 garbage-first heap   total 157696K, used 35103K [0x0000000082a00000, 0x0000000100000000)
  region size 1024K, 7 young (7168K), 7 survivors (7168K)
 Metaspace       used 49557K, capacity 50092K, committed 50220K, reserved 1093632K
  class space    used 5768K, capacity 5980K, committed 6016K, reserved 1048576K
}
Event: 6.514 GC heap before
{Heap before GC invocations=8 (full 0):
 garbage-first heap   total 157696K, used 94495K [0x0000000082a00000, 0x0000000100000000)
  region size 1024K, 65 young (66560K), 7 survivors (7168K)
 Metaspace       used 56195K, capacity 56762K, committed 57004K, reserved 1099776K
  class space    used 6384K, capacity 6618K, committed 6656K, reserved 1048576K
}
Event: 6.535 GC heap after
{Heap after GC invocations=9 (full 0):
 garbage-first heap   total 157696K, used 43349K [0x0000000082a00000, 0x0000000100000000)
  region size 1024K, 9 young (9216K), 9 survivors (9216K)
 Metaspace       used 56195K, capacity 56762K, committed 57004K, reserved 1099776K
  class space    used 6384K, capacity 6618K, committed 6656K, reserved 1048576K
}
Event: 7.174 GC heap before
{Heap before GC invocations=9 (full 0):
 garbage-first heap   total 157696K, used 101717K [0x0000000082a00000, 0x0000000100000000)
  region size 1024K, 66 young (67584K), 9 survivors (9216K)
 Metaspace       used 58144K, capacity 58782K, committed 59052K, reserved 1101824K
  class space    used 6595K, capacity 6864K, committed 6912K, reserved 1048576K
}
Event: 7.194 GC heap after
{Heap after GC invocations=10 (full 0):
 garbage-first heap   total 157696K, used 48964K [0x0000000082a00000, 0x0000000100000000)
  region size 1024K, 6 young (6144K), 6 survivors (6144K)
 Metaspace       used 58144K, capacity 58782K, committed 59052K, reserved 1101824K
  class space    used 6595K, capacity 6864K, committed 6912K, reserved 1048576K
}
Event: 7.392 GC heap before
{Heap before GC invocations=10 (full 0):
 garbage-first heap   total 157696K, used 54084K [0x0000000082a00000, 0x0000000100000000)
  region size 1024K, 12 young (12288K), 6 survivors (6144K)
 Metaspace       used 58861K, capacity 59499K, committed 59564K, reserved 1101824K
  class space    used 6663K, capacity 6911K, committed 6912K, reserved 1048576K
}
Event: 7.403 GC heap after
{Heap after GC invocations=11 (full 0):
 garbage-first heap   total 189440K, used 50838K [0x0000000082a00000, 0x0000000100000000)
  region size 1024K, 2 young (2048K), 2 survivors (2048K)
 Metaspace       used 58861K, capacity 59499K, committed 59564K, reserved 1101824K
  class space    used 6663K, capacity 6911K, committed 6912K, reserved 1048576K
}
Event: 10.002 GC heap before
{Heap before GC invocations=12 (full 0):
 garbage-first heap   total 189440K, used 131734K [0x0000000082a00000, 0x0000000100000000)
  region size 1024K, 81 young (82944K), 2 survivors (2048K)
 Metaspace       used 70712K, capacity 71497K, committed 71704K, reserved 1112064K
  class space    used 7923K, capacity 8250K, committed 8320K, reserved 1048576K
}
Event: 10.020 GC heap after
{Heap after GC invocations=13 (full 0):
 garbage-first heap   total 189440K, used 59857K [0x0000000082a00000, 0x0000000100000000)
  region size 1024K, 11 young (11264K), 11 survivors (11264K)
 Metaspace       used 70712K, capacity 71497K, committed 71704K, reserved 1112064K
  class space    used 7923K, capacity 8250K, committed 8320K, reserved 1048576K
}
Event: 11.286 GC heap before
{Heap before GC invocations=13 (full 0):
 garbage-first heap   total 189440K, used 135633K [0x0000000082a00000, 0x0000000100000000)
  region size 1024K, 85 young (87040K), 11 survivors (11264K)
 Metaspace       used 79342K, capacity 80186K, committed 80280K, reserved 1120256K
  class space    used 8828K, capacity 9183K, committed 9216K, reserved 1048576K
}
Event: 11.317 GC heap after
{Heap after GC invocations=14 (full 0):
 garbage-first heap   total 189440K, used 67034K [0x0000000082a00000, 0x0000000100000000)
  region size 1024K, 8 young (8192K), 8 survivors (8192K)
 Metaspace       used 79342K, capacity 80186K, committed 80280K, reserved 1120256K
  class space    used 8828K, capacity 9183K, committed 9216K, reserved 1048576K
}

