# JRE version: OpenJDK Runtime Environment (11.0.15) (build 11.0.15+0-b2043.56-9505619)
# Java VM: OpenJDK 64-Bit Server VM (11.0.15+0-b2043.56-9505619, mixed mode, tiered, compressed oops, g1 gc, windows-amd64)
Heap:
 garbage-first heap   total 187392K, used 77643K [0x0000000082a00000, 0x0000000100000000)
  region size 1024K, 29 young (29696K), 8 survivors (8192K)
 Metaspace       used 71382K, capacity 72173K, committed 72344K, reserved 1114112K
  class space    used 7992K, capacity 8346K, committed 8448K, reserved 1048576K
GC Heap History (20 events):
Event: 0.881 GC heap before
{Heap before GC invocations=0 (full 0):
 garbage-first heap   total 129024K, used 28672K [0x0000000082a00000, 0x0000000100000000)
  region size 1024K, 24 young (24576K), 0 survivors (0K)
 Metaspace       used 12108K, capacity 12216K, committed 12544K, reserved 1060864K
  class space    used 1119K, capacity 1175K, committed 1280K, reserved 1048576K
}
Event: 0.886 GC heap after
{Heap after GC invocations=1 (full 0):
 garbage-first heap   total 129024K, used 6604K [0x0000000082a00000, 0x0000000100000000)
  region size 1024K, 3 young (3072K), 3 survivors (3072K)
 Metaspace       used 12108K, capacity 12216K, committed 12544K, reserved 1060864K
  class space    used 1119K, capacity 1175K, committed 1280K, reserved 1048576K
}
Event: 1.873 GC heap before
{Heap before GC invocations=1 (full 0):
 garbage-first heap   total 129024K, used 44492K [0x0000000082a00000, 0x0000000100000000)
  region size 1024K, 41 young (41984K), 3 survivors (3072K)
 Metaspace       used 21016K, capacity 21185K, committed 21248K, reserved 1069056K
  class space    used 2220K, capacity 2302K, committed 2304K, reserved 1048576K
}
Event: 1.890 GC heap after
{Heap after GC invocations=2 (full 0):
 garbage-first heap   total 129024K, used 10343K [0x0000000082a00000, 0x0000000100000000)
  region size 1024K, 7 young (7168K), 7 survivors (7168K)
 Metaspace       used 21016K, capacity 21185K, committed 21248K, reserved 1069056K
  class space    used 2220K, capacity 2302K, committed 2304K, reserved 1048576K
}
Event: 3.053 GC heap before
{Heap before GC invocations=3 (full 0):
 garbage-first heap   total 129024K, used 70759K [0x0000000082a00000, 0x0000000100000000)
  region size 1024K, 60 young (61440K), 7 survivors (7168K)
 Metaspace       used 33440K, capacity 33860K, committed 34048K, reserved 1079296K
  class space    used 4134K, capacity 4305K, committed 4352K, reserved 1048576K
}
Event: 3.071 GC heap after
{Heap after GC invocations=4 (full 0):
 garbage-first heap   total 129024K, used 23094K [0x0000000082a00000, 0x0000000100000000)
  region size 1024K, 8 young (8192K), 8 survivors (8192K)
 Metaspace       used 33440K, capacity 33860K, committed 34048K, reserved 1079296K
  class space    used 4134K, capacity 4305K, committed 4352K, reserved 1048576K
}
Event: 3.296 GC heap before
{Heap before GC invocations=4 (full 0):
 garbage-first heap   total 129024K, used 33334K [0x0000000082a00000, 0x0000000100000000)
  region size 1024K, 19 young (19456K), 8 survivors (8192K)
 Metaspace       used 35331K, capacity 35727K, committed 35840K, reserved 1081344K
  class space    used 4330K, capacity 4501K, committed 4608K, reserved 1048576K
}
Event: 3.321 GC heap after
{Heap after GC invocations=5 (full 0):
 garbage-first heap   total 129024K, used 25796K [0x0000000082a00000, 0x0000000100000000)
  region size 1024K, 3 young (3072K), 3 survivors (3072K)
 Metaspace       used 35331K, capacity 35727K, committed 35840K, reserved 1081344K
  class space    used 4330K, capacity 4501K, committed 4608K, reserved 1048576K
}
Event: 4.305 GC heap before
{Heap before GC invocations=6 (full 0):
 garbage-first heap   total 129024K, used 68804K [0x0000000082a00000, 0x0000000100000000)
  region size 1024K, 45 young (46080K), 3 survivors (3072K)
 Metaspace       used 44385K, capacity 44861K, committed 45184K, reserved 1089536K
  class space    used 5195K, capacity 5386K, committed 5504K, reserved 1048576K
}
Event: 4.315 GC heap after
{Heap after GC invocations=7 (full 0):
 garbage-first heap   total 155648K, used 27137K [0x0000000082a00000, 0x0000000100000000)
  region size 1024K, 6 young (6144K), 6 survivors (6144K)
 Metaspace       used 44385K, capacity 44861K, committed 45184K, reserved 1089536K
  class space    used 5195K, capacity 5386K, committed 5504K, reserved 1048576K
}
Event: 5.225 GC heap before
{Heap before GC invocations=7 (full 0):
 garbage-first heap   total 155648K, used 88577K [0x0000000082a00000, 0x0000000100000000)
  region size 1024K, 63 young (64512K), 6 survivors (6144K)
 Metaspace       used 50393K, capacity 50938K, committed 51200K, reserved 1093632K
  class space    used 5846K, capacity 6048K, committed 6144K, reserved 1048576K
}
Event: 5.238 GC heap after
{Heap after GC invocations=8 (full 0):
 garbage-first heap   total 155648K, used 34816K [0x0000000082a00000, 0x0000000100000000)
  region size 1024K, 8 young (8192K), 8 survivors (8192K)
 Metaspace       used 50393K, capacity 50938K, committed 51200K, reserved 1093632K
  class space    used 5846K, capacity 6048K, committed 6144K, reserved 1048576K
}
Event: 6.530 GC heap before
{Heap before GC invocations=8 (full 0):
 garbage-first heap   total 155648K, used 94208K [0x0000000082a00000, 0x0000000100000000)
  region size 1024K, 66 young (67584K), 8 survivors (8192K)
 Metaspace       used 56288K, capacity 56861K, committed 57088K, reserved 1099776K
  class space    used 6391K, capacity 6650K, committed 6656K, reserved 1048576K
}
Event: 6.554 GC heap after
{Heap after GC invocations=9 (full 0):
 garbage-first heap   total 155648K, used 44395K [0x0000000082a00000, 0x0000000100000000)
  region size 1024K, 9 young (9216K), 9 survivors (9216K)
 Metaspace       used 56288K, capacity 56861K, committed 57088K, reserved 1099776K
  class space    used 6391K, capacity 6650K, committed 6656K, reserved 1048576K
}
Event: 7.134 GC heap before
{Heap before GC invocations=9 (full 0):
 garbage-first heap   total 155648K, used 101739K [0x0000000082a00000, 0x0000000100000000)
  region size 1024K, 65 young (66560K), 9 survivors (9216K)
 Metaspace       used 58380K, capacity 58983K, committed 59136K, reserved 1101824K
  class space    used 6621K, capacity 6866K, committed 6912K, reserved 1048576K
}
Event: 7.153 GC heap after
{Heap after GC invocations=10 (full 0):
 garbage-first heap   total 155648K, used 49584K [0x0000000082a00000, 0x0000000100000000)
  region size 1024K, 5 young (5120K), 5 survivors (5120K)
 Metaspace       used 58380K, capacity 58983K, committed 59136K, reserved 1101824K
  class space    used 6621K, capacity 6866K, committed 6912K, reserved 1048576K
}
Event: 7.434 GC heap before
{Heap before GC invocations=10 (full 0):
 garbage-first heap   total 155648K, used 57776K [0x0000000082a00000, 0x0000000100000000)
  region size 1024K, 14 young (14336K), 5 survivors (5120K)
 Metaspace       used 59472K, capacity 60052K, committed 60160K, reserved 1101824K
  class space    used 6733K, capacity 6989K, committed 7040K, reserved 1048576K
}
Event: 7.446 GC heap after
{Heap after GC invocations=11 (full 0):
 garbage-first heap   total 187392K, used 51035K [0x0000000082a00000, 0x0000000100000000)
  region size 1024K, 2 young (2048K), 2 survivors (2048K)
 Metaspace       used 59472K, capacity 60052K, committed 60160K, reserved 1101824K
  class space    used 6733K, capacity 6989K, committed 7040K, reserved 1048576K
}
Event: 9.462 GC heap before
{Heap before GC invocations=12 (full 0):
 garbage-first heap   total 187392K, used 113499K [0x0000000082a00000, 0x0000000100000000)
  region size 1024K, 63 young (64512K), 2 survivors (2048K)
 Metaspace       used 70124K, capacity 70910K, committed 71064K, reserved 1112064K
  class space    used 7852K, capacity 8180K, committed 8192K, reserved 1048576K
}
Event: 9.479 GC heap after
{Heap after GC invocations=13 (full 0):
 garbage-first heap   total 187392K, used 57163K [0x0000000082a00000, 0x0000000100000000)
  region size 1024K, 8 young (8192K), 8 survivors (8192K)
 Metaspace       used 70124K, capacity 70910K, committed 71064K, reserved 1112064K
  class space    used 7852K, capacity 8180K, committed 8192K, reserved 1048576K
}

