# JRE version: OpenJDK Runtime Environment (11.0.15) (build 11.0.15+0-b2043.56-9505619)
# Java VM: OpenJDK 64-Bit Server VM (11.0.15+0-b2043.56-9505619, mixed mode, tiered, compressed oops, g1 gc, windows-amd64)
Heap:
 garbage-first heap   total 187392K, used 54714K [0x0000000082a00000, 0x0000000100000000)
  region size 1024K, 8 young (8192K), 8 survivors (8192K)
 Metaspace       used 68581K, capacity 69356K, committed 69416K, reserved 1116160K
  class space    used 7733K, capacity 8062K, committed 8064K, reserved 1048576K
GC Heap History (19 events):
Event: 1.012 GC heap before
{Heap before GC invocations=0 (full 0):
 garbage-first heap   total 129024K, used 28672K [0x0000000082a00000, 0x0000000100000000)
  region size 1024K, 24 young (24576K), 0 survivors (0K)
 Metaspace       used 12100K, capacity 12216K, committed 12544K, reserved 1060864K
  class space    used 1119K, capacity 1175K, committed 1280K, reserved 1048576K
}
Event: 1.016 GC heap after
{Heap after GC invocations=1 (full 0):
 garbage-first heap   total 129024K, used 6612K [0x0000000082a00000, 0x0000000100000000)
  region size 1024K, 3 young (3072K), 3 survivors (3072K)
 Metaspace       used 12100K, capacity 12216K, committed 12544K, reserved 1060864K
  class space    used 1119K, capacity 1175K, committed 1280K, reserved 1048576K
}
Event: 1.826 GC heap before
{Heap before GC invocations=1 (full 0):
 garbage-first heap   total 129024K, used 44500K [0x0000000082a00000, 0x0000000100000000)
  region size 1024K, 41 young (41984K), 3 survivors (3072K)
 Metaspace       used 21034K, capacity 21190K, committed 21248K, reserved 1069056K
  class space    used 2224K, capacity 2304K, committed 2304K, reserved 1048576K
}
Event: 1.840 GC heap after
{Heap after GC invocations=2 (full 0):
 garbage-first heap   total 129024K, used 10342K [0x0000000082a00000, 0x0000000100000000)
  region size 1024K, 7 young (7168K), 7 survivors (7168K)
 Metaspace       used 21034K, capacity 21190K, committed 21248K, reserved 1069056K
  class space    used 2224K, capacity 2304K, committed 2304K, reserved 1048576K
}
Event: 2.979 GC heap before
{Heap before GC invocations=3 (full 0):
 garbage-first heap   total 129024K, used 71782K [0x0000000082a00000, 0x0000000100000000)
  region size 1024K, 61 young (62464K), 7 survivors (7168K)
 Metaspace       used 33725K, capacity 34148K, committed 34300K, reserved 1079296K
  class space    used 4168K, capacity 4337K, committed 4352K, reserved 1048576K
}
Event: 3.000 GC heap after
{Heap after GC invocations=4 (full 0):
 garbage-first heap   total 129024K, used 23184K [0x0000000082a00000, 0x0000000100000000)
  region size 1024K, 8 young (8192K), 8 survivors (8192K)
 Metaspace       used 33725K, capacity 34148K, committed 34300K, reserved 1079296K
  class space    used 4168K, capacity 4337K, committed 4352K, reserved 1048576K
}
Event: 3.218 GC heap before
{Heap before GC invocations=4 (full 0):
 garbage-first heap   total 129024K, used 34448K [0x0000000082a00000, 0x0000000100000000)
  region size 1024K, 20 young (20480K), 8 survivors (8192K)
 Metaspace       used 35546K, capacity 35951K, committed 36048K, reserved 1081344K
  class space    used 4351K, capacity 4533K, committed 4608K, reserved 1048576K
}
Event: 3.233 GC heap after
{Heap after GC invocations=5 (full 0):
 garbage-first heap   total 129024K, used 23605K [0x0000000082a00000, 0x0000000100000000)
  region size 1024K, 3 young (3072K), 3 survivors (3072K)
 Metaspace       used 35546K, capacity 35951K, committed 36048K, reserved 1081344K
  class space    used 4351K, capacity 4533K, committed 4608K, reserved 1048576K
}
Event: 4.333 GC heap before
{Heap before GC invocations=6 (full 0):
 garbage-first heap   total 129024K, used 67637K [0x0000000082a00000, 0x0000000100000000)
  region size 1024K, 46 young (47104K), 3 survivors (3072K)
 Metaspace       used 45336K, capacity 45815K, committed 46032K, reserved 1089536K
  class space    used 5329K, capacity 5533K, committed 5632K, reserved 1048576K
}
Event: 4.341 GC heap after
{Heap after GC invocations=7 (full 0):
 garbage-first heap   total 129024K, used 27117K [0x0000000082a00000, 0x0000000100000000)
  region size 1024K, 6 young (6144K), 6 survivors (6144K)
 Metaspace       used 45336K, capacity 45815K, committed 46032K, reserved 1089536K
  class space    used 5329K, capacity 5533K, committed 5632K, reserved 1048576K
}
Event: 4.977 GC heap before
{Heap before GC invocations=7 (full 0):
 garbage-first heap   total 129024K, used 77293K [0x0000000082a00000, 0x0000000100000000)
  region size 1024K, 52 young (53248K), 6 survivors (6144K)
 Metaspace       used 48748K, capacity 49289K, committed 49360K, reserved 1093632K
  class space    used 5670K, capacity 5883K, committed 5888K, reserved 1048576K
}
Event: 4.995 GC heap after
{Heap after GC invocations=8 (full 0):
 garbage-first heap   total 155648K, used 34313K [0x0000000082a00000, 0x0000000100000000)
  region size 1024K, 6 young (6144K), 6 survivors (6144K)
 Metaspace       used 48748K, capacity 49289K, committed 49360K, reserved 1093632K
  class space    used 5670K, capacity 5883K, committed 5888K, reserved 1048576K
}
Event: 6.385 GC heap before
{Heap before GC invocations=8 (full 0):
 garbage-first heap   total 155648K, used 91657K [0x0000000082a00000, 0x0000000100000000)
  region size 1024K, 62 young (63488K), 6 survivors (6144K)
 Metaspace       used 56111K, capacity 56698K, committed 56784K, reserved 1099776K
  class space    used 6385K, capacity 6618K, committed 6656K, reserved 1048576K
}
Event: 6.402 GC heap after
{Heap after GC invocations=9 (full 0):
 garbage-first heap   total 155648K, used 42226K [0x0000000082a00000, 0x0000000100000000)
  region size 1024K, 8 young (8192K), 8 survivors (8192K)
 Metaspace       used 56111K, capacity 56698K, committed 56784K, reserved 1099776K
  class space    used 6385K, capacity 6618K, committed 6656K, reserved 1048576K
}
Event: 6.868 GC heap before
{Heap before GC invocations=9 (full 0):
 garbage-first heap   total 155648K, used 98546K [0x0000000082a00000, 0x0000000100000000)
  region size 1024K, 63 young (64512K), 8 survivors (8192K)
 Metaspace       used 56777K, capacity 57334K, committed 57680K, reserved 1099776K
  class space    used 6424K, capacity 6658K, committed 6784K, reserved 1048576K
}
Event: 6.887 GC heap after
{Heap after GC invocations=10 (full 0):
 garbage-first heap   total 155648K, used 46873K [0x0000000082a00000, 0x0000000100000000)
  region size 1024K, 5 young (5120K), 5 survivors (5120K)
 Metaspace       used 56777K, capacity 57334K, committed 57680K, reserved 1099776K
  class space    used 6424K, capacity 6658K, committed 6784K, reserved 1048576K
}
Event: 7.514 GC heap before
{Heap before GC invocations=10 (full 0):
 garbage-first heap   total 155648K, used 66329K [0x0000000082a00000, 0x0000000100000000)
  region size 1024K, 25 young (25600K), 5 survivors (5120K)
 Metaspace       used 59658K, capacity 60298K, committed 60496K, reserved 1103872K
  class space    used 6768K, capacity 7027K, committed 7040K, reserved 1048576K
}
Event: 7.530 GC heap after
{Heap after GC invocations=11 (full 0):
 garbage-first heap   total 155648K, used 49918K [0x0000000082a00000, 0x0000000100000000)
  region size 1024K, 4 young (4096K), 4 survivors (4096K)
 Metaspace       used 59658K, capacity 60298K, committed 60496K, reserved 1103872K
  class space    used 6768K, capacity 7027K, committed 7040K, reserved 1048576K
}
Event: 9.327 GC heap before
{Heap before GC invocations=12 (full 0):
 garbage-first heap   total 155648K, used 100094K [0x0000000082a00000, 0x0000000100000000)
  region size 1024K, 54 young (55296K), 4 survivors (4096K)
 Metaspace       used 68581K, capacity 69356K, committed 69416K, reserved 1116160K
  class space    used 7733K, capacity 8062K, committed 8064K, reserved 1048576K
}

